<?xml version="1.0" encoding="UTF-8"?>
<testsuite xmlns:xsi="http://www.w3.org/2001/XMLSchema-instance" xsi:noNamespaceSchemaLocation="https://maven.apache.org/surefire/maven-surefire-plugin/xsd/surefire-test-report-3.0.xsd" version="3.0" name="TestSuite" time="91.716" tests="13" errors="0" skipped="0" failures="0">
  <properties>
    <property name="java.specification.version" value="23"/>
    <property name="sun.cpu.isalist" value="amd64"/>
    <property name="sun.jnu.encoding" value="UTF-8"/>
    <property name="java.class.path" value="G:\Work Station For PlayWright\com.saucedemo\target\test-classes;G:\Work Station For PlayWright\com.saucedemo\target\classes;C:\Users\MITHU\.m2\repository\com\microsoft\playwright\playwright\1.53.0\playwright-1.53.0.jar;C:\Users\MITHU\.m2\repository\com\google\code\gson\gson\2.12.1\gson-2.12.1.jar;C:\Users\MITHU\.m2\repository\com\google\errorprone\error_prone_annotations\2.36.0\error_prone_annotations-2.36.0.jar;C:\Users\MITHU\.m2\repository\org\opentest4j\opentest4j\1.3.0\opentest4j-1.3.0.jar;C:\Users\MITHU\.m2\repository\com\microsoft\playwright\driver\1.53.0\driver-1.53.0.jar;C:\Users\MITHU\.m2\repository\com\microsoft\playwright\driver-bundle\1.53.0\driver-bundle-1.53.0.jar;C:\Users\MITHU\.m2\repository\org\testng\testng\7.8.0\testng-7.8.0.jar;C:\Users\MITHU\.m2\repository\org\slf4j\slf4j-api\1.7.36\slf4j-api-1.7.36.jar;C:\Users\MITHU\.m2\repository\com\beust\jcommander\1.82\jcommander-1.82.jar;C:\Users\MITHU\.m2\repository\org\webjars\jquery\3.6.1\jquery-3.6.1.jar;C:\Users\MITHU\.m2\repository\io\qameta\allure\allure-testng\2.24.0\allure-testng-2.24.0.jar;C:\Users\MITHU\.m2\repository\io\qameta\allure\allure-java-commons\2.24.0\allure-java-commons-2.24.0.jar;C:\Users\MITHU\.m2\repository\io\qameta\allure\allure-model\2.24.0\allure-model-2.24.0.jar;C:\Users\MITHU\.m2\repository\io\qameta\allure\allure-test-filter\2.24.0\allure-test-filter-2.24.0.jar;C:\Users\MITHU\.m2\repository\commons-configuration\commons-configuration\1.10\commons-configuration-1.10.jar;C:\Users\MITHU\.m2\repository\commons-lang\commons-lang\2.6\commons-lang-2.6.jar;C:\Users\MITHU\.m2\repository\commons-logging\commons-logging\1.1.1\commons-logging-1.1.1.jar;C:\Users\MITHU\.m2\repository\org\slf4j\slf4j-simple\2.0.7\slf4j-simple-2.0.7.jar;"/>
    <property name="java.vm.vendor" value="Oracle Corporation"/>
    <property name="sun.arch.data.model" value="64"/>
    <property name="user.variant" value=""/>
    <property name="java.vendor.url" value="https://java.oracle.com/"/>
    <property name="user.timezone" value="Asia/Dhaka"/>
    <property name="os.name" value="Windows 10"/>
    <property name="java.vm.specification.version" value="23"/>
    <property name="sun.java.launcher" value="SUN_STANDARD"/>
    <property name="user.country" value="US"/>
    <property name="sun.boot.library.path" value="C:\Program Files\Java\jdk-23\bin"/>
    <property name="sun.java.command" value="C:\Users\MITHU\AppData\Local\Temp\surefire14555763099462478338\surefirebooter-20250808232825605_3.jar C:\Users\MITHU\AppData\Local\Temp\surefire14555763099462478338 2025-08-08T23-28-25_275-jvmRun1 surefire-20250808232825605_1tmp surefire_0-20250808232825605_2tmp"/>
    <property name="jdk.debug" value="release"/>
    <property name="surefire.test.class.path" value="G:\Work Station For PlayWright\com.saucedemo\target\test-classes;G:\Work Station For PlayWright\com.saucedemo\target\classes;C:\Users\MITHU\.m2\repository\com\microsoft\playwright\playwright\1.53.0\playwright-1.53.0.jar;C:\Users\MITHU\.m2\repository\com\google\code\gson\gson\2.12.1\gson-2.12.1.jar;C:\Users\MITHU\.m2\repository\com\google\errorprone\error_prone_annotations\2.36.0\error_prone_annotations-2.36.0.jar;C:\Users\MITHU\.m2\repository\org\opentest4j\opentest4j\1.3.0\opentest4j-1.3.0.jar;C:\Users\MITHU\.m2\repository\com\microsoft\playwright\driver\1.53.0\driver-1.53.0.jar;C:\Users\MITHU\.m2\repository\com\microsoft\playwright\driver-bundle\1.53.0\driver-bundle-1.53.0.jar;C:\Users\MITHU\.m2\repository\org\testng\testng\7.8.0\testng-7.8.0.jar;C:\Users\MITHU\.m2\repository\org\slf4j\slf4j-api\1.7.36\slf4j-api-1.7.36.jar;C:\Users\MITHU\.m2\repository\com\beust\jcommander\1.82\jcommander-1.82.jar;C:\Users\MITHU\.m2\repository\org\webjars\jquery\3.6.1\jquery-3.6.1.jar;C:\Users\MITHU\.m2\repository\io\qameta\allure\allure-testng\2.24.0\allure-testng-2.24.0.jar;C:\Users\MITHU\.m2\repository\io\qameta\allure\allure-java-commons\2.24.0\allure-java-commons-2.24.0.jar;C:\Users\MITHU\.m2\repository\io\qameta\allure\allure-model\2.24.0\allure-model-2.24.0.jar;C:\Users\MITHU\.m2\repository\io\qameta\allure\allure-test-filter\2.24.0\allure-test-filter-2.24.0.jar;C:\Users\MITHU\.m2\repository\commons-configuration\commons-configuration\1.10\commons-configuration-1.10.jar;C:\Users\MITHU\.m2\repository\commons-lang\commons-lang\2.6\commons-lang-2.6.jar;C:\Users\MITHU\.m2\repository\commons-logging\commons-logging\1.1.1\commons-logging-1.1.1.jar;C:\Users\MITHU\.m2\repository\org\slf4j\slf4j-simple\2.0.7\slf4j-simple-2.0.7.jar;"/>
    <property name="allure.results.directory" value="target/allure-results"/>
    <property name="sun.cpu.endian" value="little"/>
    <property name="user.home" value="C:\Users\MITHU"/>
    <property name="user.language" value="en"/>
    <property name="java.specification.vendor" value="Oracle Corporation"/>
    <property name="java.version.date" value="2024-10-15"/>
    <property name="java.home" value="C:\Program Files\Java\jdk-23"/>
    <property name="file.separator" value="\"/>
    <property name="basedir" value="G:\Work Station For PlayWright\com.saucedemo"/>
    <property name="java.vm.compressedOopsMode" value="32-bit"/>
    <property name="line.separator" value="&#10;"/>
    <property name="java.vm.specification.vendor" value="Oracle Corporation"/>
    <property name="java.specification.name" value="Java Platform API Specification"/>
    <property name="surefire.real.class.path" value="C:\Users\MITHU\AppData\Local\Temp\surefire14555763099462478338\surefirebooter-20250808232825605_3.jar"/>
    <property name="user.script" value=""/>
    <property name="sun.management.compiler" value="HotSpot 64-Bit Tiered Compilers"/>
    <property name="java.runtime.version" value="23.0.1+11-39"/>
    <property name="user.name" value="MITHU"/>
    <property name="stdout.encoding" value="UTF-8"/>
    <property name="path.separator" value=";"/>
    <property name="os.version" value="10.0"/>
    <property name="java.runtime.name" value="Java(TM) SE Runtime Environment"/>
    <property name="file.encoding" value="UTF-8"/>
    <property name="java.vm.name" value="Java HotSpot(TM) 64-Bit Server VM"/>
    <property name="localRepository" value="C:\Users\MITHU\.m2\repository"/>
    <property name="java.vendor.url.bug" value="https://bugreport.java.com/bugreport/"/>
    <property name="java.io.tmpdir" value="C:\Users\MITHU\AppData\Local\Temp\"/>
    <property name="java.version" value="23.0.1"/>
    <property name="user.dir" value="G:\Work Station For PlayWright\com.saucedemo"/>
    <property name="os.arch" value="amd64"/>
    <property name="java.vm.specification.name" value="Java Virtual Machine Specification"/>
    <property name="sun.os.patch.level" value=""/>
    <property name="native.encoding" value="UTF-8"/>
    <property name="java.library.path" value="C:\Program Files\Java\jdk-23\bin;C:\Windows\Sun\Java\bin;C:\Windows\system32;C:\Windows;C:\Users\MITHU\bin;C:\Program Files\Git\mingw64\bin;C:\Program Files\Git\usr\local\bin;C:\Program Files\Git\usr\bin;C:\Program Files\Git\usr\bin;C:\Program Files\Git\mingw64\bin;C:\Program Files\Git\usr\bin;C:\Users\MITHU\bin;C:\oraclexe\app\oracle\product\11.2.0\server\bin;C:\Windows\system32;C:\Windows;C:\Windows\System32\Wbem;C:\Windows\System32\WindowsPowerShell\v1.0;C:\Windows\System32\OpenSSH;C:\Program Files\Java\jdk-19\bin;C:\Program Files\nodejs;C:\Program Files\Git\cmd;C:\Program Files\Git\usr\bin;C:\Program Files\MongoDB\Server\7.0\mongosh-2.1.0-win32-x64\bin;C:\Program Files\Apache\Maven\bin;C:\Users\allure-2.27.0\bin;G:\Android Studion\bin;%ANDROID_HOME%\platform-tools;%ANDROID_HOME%\build-tools;%ANDROID_HOME%\tools;C:\Users\MITHU\AppData\Local\Programs\Python\Python310\Scripts;C:\Users\MITHU\AppData\Local\Programs\Python\Python310;C:\Users\MITHU\AppData\Local\Microsoft\WindowsApps;C:\Users\MITHU\AppData\Local\Programs\Microsoft VS Code\bin;C:\Program Files\Java\jdk-23\bin;C:\Users\MITHU\AppData\Roaming\npm;C:\Program Files\nodejs;C:\Program Files\nodejs\node_modules;C:\Program Files\Git\usr\bin\vendor_perl;C:\Program Files\Git\usr\bin\core_perl;."/>
    <property name="java.vm.info" value="mixed mode, sharing"/>
    <property name="stderr.encoding" value="UTF-8"/>
    <property name="java.vendor" value="Oracle Corporation"/>
    <property name="java.vm.version" value="23.0.1+11-39"/>
    <property name="sun.io.unicode.encoding" value="UnicodeLittle"/>
    <property name="java.class.version" value="67.0"/>
  </properties>
  <testcase name="testSuccessfulLogin" classname="com.saucedemo.tests.LoginTest" time="1.916">
    <system-err><![CDATA[SLF4J: Failed to load class "org.slf4j.impl.StaticLoggerBinder".
SLF4J: Defaulting to no-operation (NOP) logger implementation
SLF4J: See http://www.slf4j.org/codes.html#StaticLoggerBinder for further details.
]]></system-err>
  </testcase>
  <testcase name="testLockedOutUser" classname="com.saucedemo.tests.LoginTest" time="1.492"/>
  <testcase name="testInvalidCredentials" classname="com.saucedemo.tests.LoginTest" time="1.664"/>
  <testcase name="testInventoryPageHeading" classname="com.saucedemo.tests.InventoryTest" time="1.746"/>
  <testcase name="testCartBadgeDisplay" classname="com.saucedemo.tests.InventoryTest" time="2.601"/>
  <testcase name="testAddItemToCart" classname="com.saucedemo.tests.InventoryTest" time="1.832"/>
  <testcase name="testRemoveItemFromInventory" classname="com.saucedemo.tests.InventoryTest" time="1.949"/>
  <testcase name="testSortInventory" classname="com.saucedemo.tests.InventoryTest" time="1.744"/>
  <testcase name="testMenuButtonExists" classname="com.saucedemo.tests.InventoryTest" time="1.748"/>
  <testcase name="testCheckoutButtonVisible" classname="com.saucedemo.tests.CartTest" time="2.04"/>
  <testcase name="testItemAddedToCart" classname="com.saucedemo.tests.CartTest" time="2.387"/>
  <testcase name="testRemoveItemFromCart" classname="com.saucedemo.tests.CartTest" time="2.422"/>
  <testcase name="testContinueShopping" classname="com.saucedemo.tests.CartTest" time="2.354"/>
</testsuite>