<?xml version="1.0" encoding="UTF-8"?>
<!-- Generated by org.testng.reporters.JUnitReportReporter -->
<testsuite hostname="Xyoss005" failures="0" tests="4" name="com.saucedemo.tests.CartTest" time="46.039" errors="0" timestamp="2025-08-10T02:26:44 GMT+06:00" skipped="0">
  <testcase classname="com.saucedemo.tests.CartTest" name="testCheckoutButtonVisible" time="11.332"/>
  <system-out/>
  <testcase classname="com.saucedemo.tests.CartTest" name="testItemAddedToCart" time="11.120"/>
  <system-out/>
  <testcase classname="com.saucedemo.tests.CartTest" name="testRemoveItemFromCart" time="11.869"/>
  <system-out/>
  <testcase classname="com.saucedemo.tests.CartTest" name="testContinueShopping" time="11.718"/>
  <system-out/>
</testsuite> <!-- com.saucedemo.tests.CartTest -->
