<?xml version="1.0" encoding="UTF-8"?>
<!-- Generated by org.testng.reporters.JUnitReportReporter -->
<testsuite hostname="Xyoss005" failures="0" tests="3" name="com.saucedemo.tests.LoginTest" time="54.710" errors="0" timestamp="2025-08-08T20:11:09 GMT+06:00" skipped="0">
  <testcase classname="com.saucedemo.tests.LoginTest" name="testSuccessfulLogin" time="12.114"/>
  <system-out/>
  <testcase classname="com.saucedemo.tests.LoginTest" name="testLockedOutUser" time="32.905"/>
  <system-out/>
  <testcase classname="com.saucedemo.tests.LoginTest" name="testInvalidCredentials" time="9.691"/>
  <system-out/>
</testsuite> <!-- com.saucedemo.tests.LoginTest -->
