<?xml version="1.0" encoding="UTF-8"?>
<!-- Generated by org.testng.reporters.JUnitReportReporter -->
<testsuite hostname="Xyoss005" failures="0" tests="3" name="com.saucedemo.tests.ProductTest" time="31.472" errors="0" timestamp="2025-08-10T02:26:44 GMT+06:00" skipped="0">
  <testcase classname="com.saucedemo.tests.ProductTest" name="testProductDetailsDisplay" time="9.899"/>
  <system-out/>
  <testcase classname="com.saucedemo.tests.ProductTest" name="testAddToCartFromProductPage" time="10.604"/>
  <system-out/>
  <testcase classname="com.saucedemo.tests.ProductTest" name="testBackNavigation" time="10.969"/>
  <system-out/>
</testsuite> <!-- com.saucedemo.tests.ProductTest -->
