<?xml version="1.0" encoding="UTF-8"?>
<!-- Generated by org.testng.reporters.JUnitReportReporter -->
<testsuite hostname="Xyoss005" failures="0" tests="1" name="com.saucedemo.tests.LogoutTest" time="10.516" errors="0" timestamp="2025-08-10T02:26:44 GMT+06:00" skipped="0">
  <testcase classname="com.saucedemo.tests.LogoutTest" name="testInventoryPageLogout" time="10.516"/>
  <system-out/>
</testsuite> <!-- com.saucedemo.tests.LogoutTest -->
