<?xml version="1.0" encoding="UTF-8"?>
<!-- Generated by org.testng.reporters.JUnitReportReporter -->
<testsuite hostname="Xyoss005" failures="0" tests="4" name="com.saucedemo.tests.CartTest" time="73.181" errors="0" timestamp="2025-08-08T20:11:09 GMT+06:00" skipped="0">
  <testcase classname="com.saucedemo.tests.CartTest" name="testCheckoutButtonVisible" time="21.646"/>
  <system-out/>
  <testcase classname="com.saucedemo.tests.CartTest" name="testItemAddedToCart" time="22.615"/>
  <system-out/>
  <testcase classname="com.saucedemo.tests.CartTest" name="testRemoveItemFromCart" time="19.336"/>
  <system-out/>
  <testcase classname="com.saucedemo.tests.CartTest" name="testContinueShopping" time="9.584"/>
  <system-out/>
</testsuite> <!-- com.saucedemo.tests.CartTest -->
