<?xml version="1.0" encoding="UTF-8"?>
<!-- Generated by org.testng.reporters.JUnitReportReporter -->
<testsuite hostname="Xyoss005" failures="0" tests="6" name="com.saucedemo.tests.InventoryTest" time="60.588" errors="0" timestamp="2025-08-10T02:26:44 GMT+06:00" skipped="0">
  <testcase classname="com.saucedemo.tests.InventoryTest" name="testInventoryPageHeading" time="8.972"/>
  <system-out/>
  <testcase classname="com.saucedemo.tests.InventoryTest" name="testCartBadgeDisplay" time="9.912"/>
  <system-out/>
  <testcase classname="com.saucedemo.tests.InventoryTest" name="testAddItemToCart" time="9.863"/>
  <system-out/>
  <testcase classname="com.saucedemo.tests.InventoryTest" name="testRemoveItemFromInventory" time="11.349"/>
  <system-out/>
  <testcase classname="com.saucedemo.tests.InventoryTest" name="testSortInventory" time="9.981"/>
  <system-out/>
  <testcase classname="com.saucedemo.tests.InventoryTest" name="testMenuButtonExists" time="10.511"/>
  <system-out/>
</testsuite> <!-- com.saucedemo.tests.InventoryTest -->
