<?xml version="1.0" encoding="UTF-8"?>
<!-- Generated by org.testng.reporters.JUnitReportReporter -->
<testsuite hostname="Xyoss005" failures="0" tests="6" name="com.saucedemo.tests.InventoryTest" time="89.485" errors="0" timestamp="2025-08-08T20:11:10 GMT+06:00" skipped="0">
  <testcase classname="com.saucedemo.tests.InventoryTest" name="testInventoryPageHeading" time="13.989"/>
  <system-out/>
  <testcase classname="com.saucedemo.tests.InventoryTest" name="testCartBadgeDisplay" time="10.019"/>
  <system-out/>
  <testcase classname="com.saucedemo.tests.InventoryTest" name="testAddItemToCart" time="11.464"/>
  <system-out/>
  <testcase classname="com.saucedemo.tests.InventoryTest" name="testRemoveItemFromInventory" time="14.223"/>
  <system-out/>
  <testcase classname="com.saucedemo.tests.InventoryTest" name="testSortInventory" time="18.935"/>
  <system-out/>
  <testcase classname="com.saucedemo.tests.InventoryTest" name="testMenuButtonExists" time="20.855"/>
  <system-out/>
</testsuite> <!-- com.saucedemo.tests.InventoryTest -->
