<?xml version="1.0" encoding="UTF-8"?>
<!-- Generated by org.testng.reporters.JUnitReportReporter -->
<testsuite hostname="Xyoss005" failures="0" tests="4" name="com.saucedemo.tests.CartTest" time="23.309" errors="0" timestamp="2025-08-08T23:29:58 GMT+06:00" skipped="0">
  <testcase classname="com.saucedemo.tests.CartTest" name="testCheckoutButtonVisible" time="5.586"/>
  <testcase classname="com.saucedemo.tests.CartTest" name="testItemAddedToCart" time="5.881"/>
  <testcase classname="com.saucedemo.tests.CartTest" name="testRemoveItemFromCart" time="5.795"/>
  <testcase classname="com.saucedemo.tests.CartTest" name="testContinueShopping" time="6.047"/>
</testsuite> <!-- com.saucedemo.tests.CartTest -->
