<?xml version="1.0" encoding="UTF-8"?>
<!-- Generated by org.testng.reporters.JUnitReportReporter -->
<testsuite hostname="Xyoss005" failures="0" tests="6" name="com.saucedemo.tests.InventoryTest" time="31.965" errors="0" timestamp="2025-08-08T23:29:58 GMT+06:00" skipped="0">
  <testcase classname="com.saucedemo.tests.InventoryTest" name="testInventoryPageHeading" time="5.217"/>
  <testcase classname="com.saucedemo.tests.InventoryTest" name="testCartBadgeDisplay" time="6.165"/>
  <testcase classname="com.saucedemo.tests.InventoryTest" name="testAddItemToCart" time="5.373"/>
  <testcase classname="com.saucedemo.tests.InventoryTest" name="testRemoveItemFromInventory" time="5.158"/>
  <testcase classname="com.saucedemo.tests.InventoryTest" name="testSortInventory" time="5.050"/>
  <testcase classname="com.saucedemo.tests.InventoryTest" name="testMenuButtonExists" time="5.002"/>
</testsuite> <!-- com.saucedemo.tests.InventoryTest -->
