<?xml version="1.0" encoding="UTF-8"?>
<!-- Generated by org.testng.reporters.JUnitReportReporter -->
<testsuite hostname="Xyoss005" failures="0" tests="3" name="com.saucedemo.tests.LoginTest" time="34.066" errors="0" timestamp="2025-08-08T23:29:58 GMT+06:00" skipped="0">
  <testcase classname="com.saucedemo.tests.LoginTest" name="testSuccessfulLogin" time="24.533"/>
  <testcase classname="com.saucedemo.tests.LoginTest" name="testLockedOutUser" time="4.745"/>
  <testcase classname="com.saucedemo.tests.LoginTest" name="testInvalidCredentials" time="4.788"/>
</testsuite> <!-- com.saucedemo.tests.LoginTest -->
